c:\users\kingofcalcutta\desktop\turbotowertroublebuilt\turbotowertrouble\turbotowertrouble\release\vc140.pdb
c:\users\kingofcalcutta\desktop\turbotowertroublebuilt\turbotowertrouble\turbotowertrouble\release\projectiles.obj
c:\users\kingofcalcutta\desktop\turbotowertroublebuilt\turbotowertrouble\turbotowertrouble\release\playerstronghold.obj
c:\users\kingofcalcutta\desktop\turbotowertroublebuilt\turbotowertrouble\turbotowertrouble\release\paths.obj
c:\users\kingofcalcutta\desktop\turbotowertroublebuilt\turbotowertrouble\turbotowertrouble\release\particlefarm.obj
c:\users\kingofcalcutta\desktop\turbotowertroublebuilt\turbotowertrouble\turbotowertrouble\release\particle.obj
c:\users\kingofcalcutta\desktop\turbotowertroublebuilt\turbotowertrouble\turbotowertrouble\release\mainmenu.obj
c:\users\kingofcalcutta\desktop\turbotowertroublebuilt\turbotowertrouble\turbotowertrouble\release\main.obj
c:\users\kingofcalcutta\desktop\turbotowertroublebuilt\turbotowertrouble\turbotowertrouble\release\light.obj
c:\users\kingofcalcutta\desktop\turbotowertroublebuilt\turbotowertrouble\turbotowertrouble\release\hud.obj
c:\users\kingofcalcutta\desktop\turbotowertroublebuilt\turbotowertrouble\turbotowertrouble\release\grid.obj
c:\users\kingofcalcutta\desktop\turbotowertroublebuilt\turbotowertrouble\turbotowertrouble\release\gamephasemanager.obj
c:\users\kingofcalcutta\desktop\turbotowertroublebuilt\turbotowertrouble\turbotowertrouble\release\gameoverscreen.obj
c:\users\kingofcalcutta\desktop\turbotowertroublebuilt\turbotowertrouble\turbotowertrouble\release\enemygraphics.obj
c:\users\kingofcalcutta\desktop\turbotowertroublebuilt\turbotowertrouble\turbotowertrouble\release\enemyai.obj
c:\users\kingofcalcutta\desktop\turbotowertroublebuilt\turbotowertrouble\turbotowertrouble\release\enemyactions.obj
c:\users\kingofcalcutta\desktop\turbotowertroublebuilt\turbotowertrouble\turbotowertrouble\release\buttonmanager.obj
c:\users\kingofcalcutta\desktop\turbotowertroublebuilt\turbotowertrouble\turbotowertrouble\release\button.obj
c:\users\kingofcalcutta\desktop\turbotowertroublebuilt\turbotowertrouble\turbotowertrouble\release\buildphase.obj
c:\users\kingofcalcutta\desktop\turbotowertroublebuilt\turbotowertrouble\turbotowertrouble\release\basetower.obj
c:\users\kingofcalcutta\desktop\turbotowertroublebuilt\turbotowertrouble\turbotowertrouble\release\baseenemy.obj
c:\users\kingofcalcutta\desktop\turbotowertroublebuilt\turbotowertrouble\turbotowertrouble\release\wavephase.obj
c:\users\kingofcalcutta\desktop\turbotowertroublebuilt\turbotowertrouble\turbotowertrouble\release\towergraphics.obj
c:\users\kingofcalcutta\desktop\turbotowertroublebuilt\turbotowertrouble\turbotowertrouble\release\towerbase.obj
c:\users\kingofcalcutta\desktop\turbotowertroublebuilt\turbotowertrouble\turbotowertrouble\release\source.obj
c:\users\kingofcalcutta\desktop\turbotowertroublebuilt\turbotowertrouble\turbotowertrouble\release\slowenemy.obj
d:\_git stuff\git stuff\towerdefense\turbotowertrouble\turbotowertrouble\release\vc142.pdb
d:\_git stuff\git stuff\towerdefense\turbotowertrouble\turbotowertrouble\release\baseenemy.obj
c:\users\kingofcalcutta\desktop\turbotowertroublebuilt\turbotowertrouble\release\turbotowertrouble.exe
c:\users\kingofcalcutta\desktop\turbotowertroublebuilt\turbotowertrouble\release\turbotowertrouble.ipdb
c:\users\kingofcalcutta\desktop\turbotowertroublebuilt\turbotowertrouble\release\turbotowertrouble.iobj
c:\users\kingofcalcutta\desktop\turbotowertroublebuilt\turbotowertrouble\release\turbotowertrouble.pdb
d:\_git stuff\git stuff\towerdefense\turbotowertrouble\turbotowertrouble\release\basetower.obj
d:\_git stuff\git stuff\towerdefense\turbotowertrouble\turbotowertrouble\release\buildphase.obj
d:\_git stuff\git stuff\towerdefense\turbotowertrouble\turbotowertrouble\release\button.obj
d:\_git stuff\git stuff\towerdefense\turbotowertrouble\turbotowertrouble\release\buttonmanager.obj
d:\_git stuff\git stuff\towerdefense\turbotowertrouble\turbotowertrouble\release\enemyactions.obj
d:\_git stuff\git stuff\towerdefense\turbotowertrouble\turbotowertrouble\release\enemyai.obj
d:\_git stuff\git stuff\towerdefense\turbotowertrouble\turbotowertrouble\release\enemygraphics.obj
d:\_git stuff\git stuff\towerdefense\turbotowertrouble\turbotowertrouble\release\gameoverscreen.obj
d:\_git stuff\git stuff\towerdefense\turbotowertrouble\turbotowertrouble\release\gamephasemanager.obj
d:\_git stuff\git stuff\towerdefense\turbotowertrouble\turbotowertrouble\release\grid.obj
d:\_git stuff\git stuff\towerdefense\turbotowertrouble\turbotowertrouble\release\hud.obj
d:\_git stuff\git stuff\towerdefense\turbotowertrouble\turbotowertrouble\release\light.obj
d:\_git stuff\git stuff\towerdefense\turbotowertrouble\turbotowertrouble\release\main.obj
d:\_git stuff\git stuff\towerdefense\turbotowertrouble\turbotowertrouble\release\mainmenu.obj
d:\_git stuff\git stuff\towerdefense\turbotowertrouble\turbotowertrouble\release\particle.obj
d:\_git stuff\git stuff\towerdefense\turbotowertrouble\turbotowertrouble\release\particlefarm.obj
d:\_git stuff\git stuff\towerdefense\turbotowertrouble\turbotowertrouble\release\paths.obj
d:\_git stuff\git stuff\towerdefense\turbotowertrouble\turbotowertrouble\release\playerstronghold.obj
d:\_git stuff\git stuff\towerdefense\turbotowertrouble\turbotowertrouble\release\projectiles.obj
d:\_git stuff\git stuff\towerdefense\turbotowertrouble\turbotowertrouble\release\slowenemy.obj
d:\_git stuff\git stuff\towerdefense\turbotowertrouble\turbotowertrouble\release\source.obj
d:\_git stuff\git stuff\towerdefense\turbotowertrouble\turbotowertrouble\release\towerbase.obj
d:\_git stuff\git stuff\towerdefense\turbotowertrouble\turbotowertrouble\release\towergraphics.obj
d:\_git stuff\git stuff\towerdefense\turbotowertrouble\turbotowertrouble\release\wavephase.obj
d:\_git stuff\git stuff\towerdefense\turbotowertrouble\turbotowertrouble\release\vc140.pdb
d:\_git stuff\git stuff\towerdefense\turbotowertrouble\release\turbotowertrouble.pdb
d:\_git stuff\git stuff\towerdefense\turbotowertrouble\release\turbotowertrouble.exe
d:\_git stuff\git stuff\towerdefense\turbotowertrouble\turbotowertrouble\release\turbotow.817e52d7.tlog\cl.command.1.tlog
d:\_git stuff\git stuff\towerdefense\turbotowertrouble\turbotowertrouble\release\turbotow.817e52d7.tlog\cl.read.1.tlog
d:\_git stuff\git stuff\towerdefense\turbotowertrouble\turbotowertrouble\release\turbotow.817e52d7.tlog\cl.write.1.tlog
d:\_git stuff\git stuff\towerdefense\turbotowertrouble\turbotowertrouble\release\turbotow.817e52d7.tlog\link.command.1.tlog
d:\_git stuff\git stuff\towerdefense\turbotowertrouble\turbotowertrouble\release\turbotow.817e52d7.tlog\link.read.1.tlog
d:\_git stuff\git stuff\towerdefense\turbotowertrouble\turbotowertrouble\release\turbotow.817e52d7.tlog\link.write.1.tlog
